<?xml version="1.0" encoding="UTF-8"?>
<!-- Generated by org.testng.reporters.JUnitReportReporter -->
<testsuite hostname="MSI" failures="0" tests="2" name="com.lego.automationTest.AutomationTest" time="49.295" errors="0" timestamp="2021-05-10T16:29:24 CEST" skipped="0">
  <testcase classname="com.lego.automationTest.AutomationTest" name="purchaseItem" time="21.144"/>
  <system-out>
    <![CDATA[Opening page: https://www.lego.com/es-es
Page opened!
Accepting cookies
Filtering by age 4+
Filtering by keychain from 0-20€
There are 2 keychains available.
Number of result is: 2 keychains
Selecting one of the keychains available
Survey was not requested
Item's name is Llavero con luz de ladrillo 1x2 LEGO® (Rojo)
Item's price is 7.19
Adding item into the cart
Going to cart
Proceeding to checkout
Item's name is: Llavero con luz de ladrillo 1x2 LEGO® (Rojo)
There is 1 item in the cart.
Shipping cost is: 5.95
Total price is: 13.14]]>
  </system-out>
  <testcase classname="com.lego.automationTest.AutomationTest" name="purchaseItem" time="28.151"/>
  <system-out>
    <![CDATA[Opening page: https://www.lego.com/es-es
Page opened!
Accepting cookies
Filtering by age 4+
Filtering by keychain from 0-20€
There are 2 keychains available.
Number of result is: 2 keychains
Selecting one of the keychains available
Survey was not requested
Item's name is Llavero con luz de ladrillo 1x2 LEGO® (Rojo)
Item's price is 7.19
Adding item into the cart
Going to cart
Proceeding to checkout
Item's name is: Llavero con luz de ladrillo 1x2 LEGO® (Rojo)
There is 1 item in the cart.
Shipping cost is: 5.95
Total price is: 13.14]]>
  </system-out>
</testsuite> <!-- com.lego.automationTest.AutomationTest -->
